<?xml version="1.0" encoding="UTF-8"?>
<testsuite name="com.project.gradle.springboot.web.IndexControllerTest" tests="1" skipped="0" failures="0" errors="0" timestamp="2020-06-14T14:28:12" hostname="user" time="0.682">
  <properties/>
  <testcase name="메인페이지_로딩" classname="com.project.gradle.springboot.web.IndexControllerTest" time="0.682"/>
  <system-out><![CDATA[2020-06-14 23:28:00.121  INFO 2464 --- [    Test worker] .b.t.c.SpringBootTestContextBootstrapper : Neither @ContextConfiguration nor @ContextHierarchy found for test class [com.project.gradle.springboot.web.IndexControllerTest], using SpringBootContextLoader
2020-06-14 23:28:00.126  INFO 2464 --- [    Test worker] o.s.t.c.support.AbstractContextLoader    : Could not detect default resource locations for test class [com.project.gradle.springboot.web.IndexControllerTest]: no resource found for suffixes {-context.xml, Context.groovy}.
2020-06-14 23:28:00.127  INFO 2464 --- [    Test worker] t.c.s.AnnotationConfigContextLoaderUtils : Could not detect default configuration classes for test class [com.project.gradle.springboot.web.IndexControllerTest]: IndexControllerTest does not declare any static, non-private, non-final, nested classes annotated with @Configuration.
2020-06-14 23:28:00.137  INFO 2464 --- [    Test worker] .b.t.c.SpringBootTestContextBootstrapper : Found @SpringBootConfiguration com.project.gradle.springboot.Application for test class com.project.gradle.springboot.web.IndexControllerTest
2020-06-14 23:28:00.141  INFO 2464 --- [    Test worker] .b.t.c.SpringBootTestContextBootstrapper : Loaded default TestExecutionListener class names from location [META-INF/spring.factories]: [org.springframework.security.test.context.support.WithSecurityContextTestExecutionListener, org.springframework.security.test.context.support.ReactorContextTestExecutionListener, org.springframework.boot.test.autoconfigure.restdocs.RestDocsTestExecutionListener, org.springframework.boot.test.autoconfigure.web.client.MockRestServiceServerResetTestExecutionListener, org.springframework.boot.test.autoconfigure.web.servlet.MockMvcPrintOnlyOnFailureTestExecutionListener, org.springframework.boot.test.autoconfigure.web.servlet.WebDriverTestExecutionListener, org.springframework.boot.test.mock.mockito.MockitoTestExecutionListener, org.springframework.boot.test.mock.mockito.ResetMocksTestExecutionListener, org.springframework.test.context.web.ServletTestExecutionListener, org.springframework.test.context.support.DirtiesContextBeforeModesTestExecutionListener, org.springframework.test.context.support.DependencyInjectionTestExecutionListener, org.springframework.test.context.support.DirtiesContextTestExecutionListener, org.springframework.test.context.transaction.TransactionalTestExecutionListener, org.springframework.test.context.jdbc.SqlScriptsTestExecutionListener]
2020-06-14 23:28:00.147  INFO 2464 --- [    Test worker] .b.t.c.SpringBootTestContextBootstrapper : Using TestExecutionListeners: [org.springframework.test.context.web.ServletTestExecutionListener@726532be, org.springframework.test.context.support.DirtiesContextBeforeModesTestExecutionListener@1cdc120b, org.springframework.boot.test.mock.mockito.MockitoTestExecutionListener@3962affb, org.springframework.boot.test.autoconfigure.SpringBootDependencyInjectionTestExecutionListener@c6fd654, org.springframework.test.context.support.DirtiesContextTestExecutionListener@57c4f5a5, org.springframework.test.context.transaction.TransactionalTestExecutionListener@2bf4e91c, org.springframework.test.context.jdbc.SqlScriptsTestExecutionListener@7c596ee, org.springframework.security.test.context.support.WithSecurityContextTestExecutionListener@75ea2d34, org.springframework.security.test.context.support.ReactorContextTestExecutionListener@57397f1, org.springframework.boot.test.autoconfigure.restdocs.RestDocsTestExecutionListener@9c3324a, org.springframework.boot.test.autoconfigure.web.client.MockRestServiceServerResetTestExecutionListener@221ab77a, org.springframework.boot.test.autoconfigure.web.servlet.MockMvcPrintOnlyOnFailureTestExecutionListener@6bdbd80, org.springframework.boot.test.autoconfigure.web.servlet.WebDriverTestExecutionListener@1f686eb9, org.springframework.boot.test.mock.mockito.ResetMocksTestExecutionListener@fa95e7c]

  .   ____          _            __ _ _
 /\\ / ___'_ __ _ _(_)_ __  __ _ \ \ \ \
( ( )\___ | '_ | '_| | '_ \/ _` | \ \ \ \
 \\/  ___)| |_)| | | | | || (_| |  ) ) ) )
  '  |____| .__|_| |_|_| |_\__, | / / / /
 =========|_|==============|___/=/_/_/_/
 :: Spring Boot ::        (v2.1.7.RELEASE)

2020-06-14 23:28:00.340  INFO 2464 --- [    Test worker] c.p.g.s.web.IndexControllerTest          : Starting IndexControllerTest on user with PID 2464 (started by userPC in C:\Users\userPC\Desktop\gradle_project)
2020-06-14 23:28:00.341  INFO 2464 --- [    Test worker] c.p.g.s.web.IndexControllerTest          : No active profile set, falling back to default profiles: default
2020-06-14 23:28:01.713  INFO 2464 --- [    Test worker] .s.d.r.c.RepositoryConfigurationDelegate : Bootstrapping Spring Data repositories in DEFAULT mode.
2020-06-14 23:28:01.906  INFO 2464 --- [    Test worker] .s.d.r.c.RepositoryConfigurationDelegate : Finished Spring Data repository scanning in 192ms. Found 2 repository interfaces.
2020-06-14 23:28:02.705  INFO 2464 --- [    Test worker] trationDelegate$BeanPostProcessorChecker : Bean 'org.springframework.transaction.annotation.ProxyTransactionManagementConfiguration' of type [org.springframework.transaction.annotation.ProxyTransactionManagementConfiguration$$EnhancerBySpringCGLIB$$d1a0ab6e] is not eligible for getting processed by all BeanPostProcessors (for example: not eligible for auto-proxying)
2020-06-14 23:28:03.860  INFO 2464 --- [    Test worker] o.s.b.w.embedded.tomcat.TomcatWebServer  : Tomcat initialized with port(s): 0 (http)
2020-06-14 23:28:03.994  INFO 2464 --- [    Test worker] o.apache.catalina.core.StandardService   : Starting service [Tomcat]
2020-06-14 23:28:04.000  INFO 2464 --- [    Test worker] org.apache.catalina.core.StandardEngine  : Starting Servlet engine: [Apache Tomcat/9.0.22]
2020-06-14 23:28:04.548  INFO 2464 --- [    Test worker] o.a.c.c.C.[Tomcat].[localhost].[/]       : Initializing Spring embedded WebApplicationContext
2020-06-14 23:28:04.548  INFO 2464 --- [    Test worker] o.s.web.context.ContextLoader            : Root WebApplicationContext: initialization completed in 4192 ms
2020-06-14 23:28:05.170  INFO 2464 --- [    Test worker] com.zaxxer.hikari.HikariDataSource       : HikariPool-2 - Starting...
2020-06-14 23:28:05.173  INFO 2464 --- [    Test worker] com.zaxxer.hikari.HikariDataSource       : HikariPool-2 - Start completed.
2020-06-14 23:28:05.311  INFO 2464 --- [    Test worker] o.hibernate.jpa.internal.util.LogHelper  : HHH000204: Processing PersistenceUnitInfo [
	name: default
	...]
2020-06-14 23:28:05.363  INFO 2464 --- [    Test worker] org.hibernate.dialect.Dialect            : HHH000400: Using dialect: org.hibernate.dialect.MySQL5InnoDBDialect
Hibernate: drop table if exists posts
Hibernate: drop table if exists user
Hibernate: create table posts (id bigint not null auto_increment, created_date datetime, modified_date datetime, author varchar(255), content TEXT not null, title varchar(500) not null, primary key (id)) engine=InnoDB
Hibernate: create table user (id bigint not null auto_increment, created_date datetime, modified_date datetime, email varchar(255) not null, name varchar(255) not null, picture varchar(255), role varchar(255) not null, primary key (id)) engine=InnoDB
2020-06-14 23:28:05.636  INFO 2464 --- [    Test worker] o.h.t.schema.internal.SchemaCreatorImpl  : HHH000476: Executing import script 'org.hibernate.tool.schema.internal.exec.ScriptSourceInputNonExistentImpl@1e3036f5'
2020-06-14 23:28:05.636  INFO 2464 --- [    Test worker] j.LocalContainerEntityManagerFactoryBean : Initialized JPA EntityManagerFactory for persistence unit 'default'
2020-06-14 23:28:07.504  INFO 2464 --- [    Test worker] o.h.h.i.QueryTranslatorFactoryInitiator  : HHH000397: Using ASTQueryTranslatorFactory
2020-06-14 23:28:08.627  INFO 2464 --- [    Test worker] o.s.s.web.DefaultSecurityFilterChain     : Creating filter chain: any request, [org.springframework.security.web.context.request.async.WebAsyncManagerIntegrationFilter@1ef7be54, org.springframework.security.web.context.SecurityContextPersistenceFilter@1a759206, org.springframework.security.web.header.HeaderWriterFilter@57d13e07, org.springframework.security.web.authentication.logout.LogoutFilter@3f12cb8f, org.springframework.security.oauth2.client.web.OAuth2AuthorizationRequestRedirectFilter@62e6c751, org.springframework.security.oauth2.client.web.OAuth2LoginAuthenticationFilter@2bee306d, org.springframework.security.web.authentication.ui.DefaultLoginPageGeneratingFilter@9c19d13, org.springframework.security.web.authentication.ui.DefaultLogoutPageGeneratingFilter@3ea905f9, org.springframework.security.web.savedrequest.RequestCacheAwareFilter@550a9408, org.springframework.security.web.servletapi.SecurityContextHolderAwareRequestFilter@b75b9a8, org.springframework.security.web.authentication.AnonymousAuthenticationFilter@6aa19132, org.springframework.security.web.session.SessionManagementFilter@432823c6, org.springframework.security.web.access.ExceptionTranslationFilter@33df8de5, org.springframework.security.web.access.intercept.FilterSecurityInterceptor@5b0f7e25]
2020-06-14 23:28:09.917  INFO 2464 --- [    Test worker] o.s.s.concurrent.ThreadPoolTaskExecutor  : Initializing ExecutorService 'applicationTaskExecutor'
2020-06-14 23:28:10.048  WARN 2464 --- [    Test worker] aWebConfiguration$JpaWebMvcConfiguration : spring.jpa.open-in-view is enabled by default. Therefore, database queries may be performed during view rendering. Explicitly configure spring.jpa.open-in-view to disable this warning
2020-06-14 23:28:10.246  INFO 2464 --- [    Test worker] o.s.b.a.w.s.WelcomePageHandlerMapping    : Adding welcome page template: index
2020-06-14 23:28:12.198  INFO 2464 --- [    Test worker] s.a.ScheduledAnnotationBeanPostProcessor : No TaskScheduler/ScheduledExecutorService bean found for scheduled processing
2020-06-14 23:28:12.269  INFO 2464 --- [    Test worker] o.s.b.w.embedded.tomcat.TomcatWebServer  : Tomcat started on port(s): 51508 (http) with context path ''
2020-06-14 23:28:12.274  INFO 2464 --- [    Test worker] c.p.g.s.web.IndexControllerTest          : Started IndexControllerTest in 12.123 seconds (JVM running for 52.687)
2020-06-14 23:28:12.622  INFO 2464 --- [o-auto-1-exec-1] o.a.c.c.C.[Tomcat].[localhost].[/]       : Initializing Spring DispatcherServlet 'dispatcherServlet'
2020-06-14 23:28:12.623  INFO 2464 --- [o-auto-1-exec-1] o.s.web.servlet.DispatcherServlet        : Initializing Servlet 'dispatcherServlet'
2020-06-14 23:28:12.683  INFO 2464 --- [o-auto-1-exec-1] o.s.web.servlet.DispatcherServlet        : Completed initialization in 60 ms
Hibernate: select posts0_.id as id1_0_, posts0_.created_date as created_2_0_, posts0_.modified_date as modified3_0_, posts0_.author as author4_0_, posts0_.content as content5_0_, posts0_.title as title6_0_ from posts posts0_ order by posts0_.id DESC
]]></system-out>
  <system-err><![CDATA[]]></system-err>
</testsuite>
